-----------------------------------------------------------------------------------------------------
22日13时19分50秒Info:System');"成功[BP.Port.Emp-32]放入缓存。
-----------------------------------------------------------------------------------------------------
22日14时32分57秒Info:System');"成功[BP.Port.Emp-32]放入缓存。
-----------------------------------------------------------------------------------------------------
22日15时46分51秒Info:System');"成功[BP.Port.Emp-32]放入缓存。
-----------------------------------------------------------------------------------------------------
22日16时12分57秒Info:System');"成功[BP.Port.Emp-32]放入缓存。
-----------------------------------------------------------------------------------------------------
22日20时17分03秒Info:System');"成功[BP.Port.Emp-32]放入缓存。
22日20时17分03秒Info:System');"成功[BP.Port.Emp-32]放入缓存。
-----------------------------------------------------------------------------------------------------
22日21时19分24秒Info:System');"成功[BP.Port.Emp-33]放入缓存。
-----------------------------------------------------------------------------------------------------
22日21时25分09秒Info:System');"成功[BP.Port.Emp-33]放入缓存。
-----------------------------------------------------------------------------------------------------
22日21时26分40秒Info:System');"成功[BP.Port.Emp-33]放入缓存。
-----------------------------------------------------------------------------------------------------
22日21时36分40秒Info:System');"成功[BP.Port.Emp-33]放入缓存。
-----------------------------------------------------------------------------------------------------
22日21时42分26秒Info:System');"成功[BP.Port.Emp-32]放入缓存。
-----------------------------------------------------------------------------------------------------
22日21时45分35秒Info:System');"成功[BP.Port.Emp-32]放入缓存。
-----------------------------------------------------------------------------------------------------
22日23时01分24秒Info:System');"成功[BP.Port.Emp-32]放入缓存。
-----------------------------------------------------------------------------------------------------
22日23时16分58秒Info:System');"成功[BP.Port.Emp-32]放入缓存。
-----------------------------------------------------------------------------------------------------
22日23时54分16秒Info:System');"成功[BP.Port.Emp-32]放入缓存。
23日00时28分45秒Info:System');"成功[BP.Sys.EnCfg-2]放入缓存。
23日00时28分47秒Info:System');"成功[BP.Sys.ToolbarExcel-24]放入缓存。
23日00时28分47秒Fatal:System');"@表[ToolbarExcel功能控制]在获取属性[OfficePrintEnable]值,出现错误，不能将[打印]转换为int类型.错误信息：输入字符串的格式不正确。@请检查是否在存储枚举类型时，您在SetValbyKey中没有转换。正确做法是:this.SetValByKey( Key ,(int)value)  
23日00时42分52秒Info:System');"成功[BP.Port.Emp-33]放入缓存。
