-----------------------------------------------------------------------------------------------------
26日09时21分34秒Info:System');"成功[BP.Port.Emp-32]放入缓存。
-----------------------------------------------------------------------------------------------------
26日09时56分41秒Info:System');"成功[BP.Port.Emp-32]放入缓存。
-----------------------------------------------------------------------------------------------------
26日10时14分11秒Info:System');"成功[BP.Port.Emp-32]放入缓存。
-----------------------------------------------------------------------------------------------------
26日10时16分54秒Info:System');"成功[BP.Port.Emp-32]放入缓存。
-----------------------------------------------------------------------------------------------------
26日10时37分30秒Info:System');"成功[BP.Port.Emp-32]放入缓存。
26日10时38分11秒Info:System');"成功[BP.WF.Rpt.MapRpt-24]放入缓存。
-----------------------------------------------------------------------------------------------------
26日11时02分22秒Info:System');"成功[BP.Port.Emp-32]放入缓存。
-----------------------------------------------------------------------------------------------------
26日11时41分59秒Info:System');"成功[BP.Port.Emp-32]放入缓存。
26日11时42分23秒Info:System');"成功[BP.WF.Rpt.MapRpt-24]放入缓存。
-----------------------------------------------------------------------------------------------------
26日20时32分00秒Info:System');"成功[BP.Port.Emp-32]放入缓存。
26日20时32分06秒Info:System');"成功[BP.WF.FlowSort-2]放入缓存。
26日20时44分14秒Info:System');"成功[BP.Port.Dept-20]放入缓存。
-----------------------------------------------------------------------------------------------------
26日22时46分29秒Info:System');"成功[BP.Port.Emp-32]放入缓存。
-----------------------------------------------------------------------------------------------------
26日22时52分05秒Info:System');"成功[BP.Port.Emp-32]放入缓存。
26日22时52分53秒Info:System');"成功[BP.Port.Dept-20]放入缓存。
26日22时54分00秒Info:System');"成功[BP.WF.FlowSort-2]放入缓存。
-----------------------------------------------------------------------------------------------------
26日23时26分36秒Info:System');"成功[BP.Port.Emp-32]放入缓存。
26日23时26分41秒Fatal:System');"SQL=SELECT IsRead WF_GenerWorkerlist WorkID=@WorkID and FK_Node=@FK_Node and IsPass =0 Exception=“WorkID”附近有语法错误。
26日23时27分11秒Fatal:System');"SQL=SELECT IsRead WF_GenerWorkerlist WorkID=@WorkID and FK_Node=@FK_Node and IsPass =0 Exception=“WorkID”附近有语法错误。
26日23时28分27秒Fatal:System');"SQL=SELECT IsRead WF_GenerWorkerlist WorkID=@WorkID and FK_Node=@FK_Node and IsPass =0 Exception=“WorkID”附近有语法错误。
-----------------------------------------------------------------------------------------------------
26日23时29分29秒Info:System');"成功[BP.Port.Emp-32]放入缓存。
26日23时29分32秒Fatal:System');"SQL=SELECT IsRead WF_GenerWorkerlist WorkID=@WorkID and FK_Node=@FK_Node and IsPass =0 Exception=“WorkID”附近有语法错误。
26日23时30分18秒Fatal:System');"SQL=SELECT IsRead WF_GenerWorkerlist WorkID=@WorkID and FK_Node=@FK_Node and IsPass =0 Exception=“WorkID”附近有语法错误。
26日23时34分04秒Fatal:System');"SQL=SELECT IsRead WF_GenerWorkerlist WorkID=@WorkID and FK_Node=@FK_Node and IsPass =0 Exception=“WorkID”附近有语法错误。
-----------------------------------------------------------------------------------------------------
26日23时35分30秒Info:System');"成功[BP.Port.Emp-32]放入缓存。
26日23时35分37秒Info:System');"成功[BP.WF.FlowSort-2]放入缓存。
-----------------------------------------------------------------------------------------------------
26日23时41分29秒Info:System');"成功[BP.Port.Emp-32]放入缓存。
-----------------------------------------------------------------------------------------------------
26日23时56分28秒Info:System');"成功[BP.WF.FlowSort-2]放入缓存。
27日00时01分08秒Info:System');"成功[BP.Port.Emp-32]放入缓存。
