-----------------------------------------------------------------------------------------------------
21日09时31分56秒Info:System');"成功[BP.Port.Emp-32]放入缓存。
-----------------------------------------------------------------------------------------------------
21日11时20分26秒Info:System');"SQL=Update WF_CCList Set Sta = DelWhere MyPK = 1115214490,异常信息:“MyPK”附近有语法错误。
21日11时20分31秒Info:System');"SQL=Update WF_CCList Set Sta = DelWhere MyPK = 1115214490,异常信息:“MyPK”附近有语法错误。
21日11时20分44秒Info:System');"SQL=Update WF_CCList Set Sta = DelWhere MyPK = 1269532319,异常信息:“MyPK”附近有语法错误。
21日11时22分36秒Info:System');"SQL=Update WF_CCList Set Sta = DelWhere MyPK = 1115214490,异常信息:“MyPK”附近有语法错误。
21日11时24分04秒Info:System');"SQL=Update WF_CCList Set Sta = DelWhere MyPK = 1283462112,异常信息:“MyPK”附近有语法错误。
21日11时24分27秒Info:System');"SQL=Update WF_CCList Set Sta = DelWhere MyPK = 1646498077,异常信息:“MyPK”附近有语法错误。
-----------------------------------------------------------------------------------------------------
21日11时25分19秒Info:System');"成功[BP.Port.Emp-32]放入缓存。
21日11时26分37秒Info:System');"SQL=Update WF_CCList Set Sta = DelWhere MyPK = 1115214490,异常信息:“MyPK”附近有语法错误。
-----------------------------------------------------------------------------------------------------
21日11时28分21秒Info:System');"成功[BP.Port.Emp-32]放入缓存。
21日11时28分48秒Info:System');"SQL=Update WF_CCList Set Sta = Del Where MyPK = 1115214490,异常信息:列名 'Del' 无效。
21日11时28分55秒Info:System');"SQL=Update WF_CCList Set Sta = Del Where MyPK = 1283462112,异常信息:列名 'Del' 无效。
21日11时29分07秒Info:System');"SQL=Update WF_CCList Set Sta = Del Where MyPK = 1924137948,异常信息:列名 'Del' 无效。
-----------------------------------------------------------------------------------------------------
21日11时31分01秒Info:System');"成功[BP.Port.Emp-32]放入缓存。
-----------------------------------------------------------------------------------------------------
21日11时48分40秒Info:System');"成功[BP.Port.Emp-32]放入缓存。
-----------------------------------------------------------------------------------------------------
21日20时17分50秒Info:System');"成功[BP.Port.Emp-32]放入缓存。
-----------------------------------------------------------------------------------------------------
21日21时11分36秒Info:System');"成功[BP.Port.Emp-32]放入缓存。
-----------------------------------------------------------------------------------------------------
21日21时43分01秒Info:System');"成功[BP.Port.Emp-32]放入缓存。
21日22时23分18秒Info:System');"@SQL=SELECT FK_Node FROM WF_GenerWorkFlow WHERE WorkID=139 AND FK_Flow='001' . 列= , FK_Node
21日22时23分18秒Info:System');"成功[BP.Port.Dept-20]放入缓存。
-----------------------------------------------------------------------------------------------------
21日22时44分27秒Info:System');"成功[BP.Port.Emp-32]放入缓存。
-----------------------------------------------------------------------------------------------------
21日22时55分17秒Info:System');"成功[BP.Port.Emp-32]放入缓存。
-----------------------------------------------------------------------------------------------------
21日23时06分48秒Info:System');"成功[BP.Port.Emp-32]放入缓存。
-----------------------------------------------------------------------------------------------------
21日23时29分09秒Info:System');"成功[BP.Port.Emp-32]放入缓存。
-----------------------------------------------------------------------------------------------------
21日23时30分58秒Info:System');"成功[BP.Port.Emp-32]放入缓存。
